2026-01-01 21:31:49 - INFO - Job 3afd57ce-f31c-4682-92ee-2be234873c47 submitted for user Ankita
2026-01-01 21:31:49 - INFO - Started job 3afd57ce-f31c-4682-92ee-2be234873c47 for user Ankita
2026-01-01 21:31:54 - INFO - Completed job 3afd57ce-f31c-4682-92ee-2be234873c47 for user Ankita
2026-01-01 21:31:54 - INFO - Job 57131483-5874-4408-8d5c-59cfd21aeef7 submitted for user Ankita
2026-01-01 21:32:36 - INFO - Job 194dfcf3-3beb-4116-af4b-c864f2e08249 submitted for user Ankita
2026-01-01 21:37:46 - INFO - Job fbb8d0a9-5a5f-4cb0-8988-4be70017da4f submitted for user battu
2026-01-01 21:37:46 - INFO - Started job fbb8d0a9-5a5f-4cb0-8988-4be70017da4f for user battu
2026-01-01 21:37:48 - INFO - Job 24b2aa1b-2850-4afb-9061-b81816ac8304 submitted for user battu
2026-01-01 21:37:48 - INFO - Started job 24b2aa1b-2850-4afb-9061-b81816ac8304 for user battu
2026-01-01 21:37:51 - INFO - Completed job fbb8d0a9-5a5f-4cb0-8988-4be70017da4f for user battu
2026-01-01 21:37:51 - INFO - Job 74b0e070-5c33-4298-b6e4-2e8c8de1f025 submitted for user battu
2026-01-01 21:37:51 - INFO - Started job 74b0e070-5c33-4298-b6e4-2e8c8de1f025 for user battu
2026-01-01 21:37:53 - INFO - Completed job 24b2aa1b-2850-4afb-9061-b81816ac8304 for user battu
2026-01-01 21:37:56 - INFO - Completed job 74b0e070-5c33-4298-b6e4-2e8c8de1f025 for user battu
2026-01-01 21:37:57 - INFO - Job c9225bd5-ab77-489e-a571-ea16f3bc1824 submitted for user battu
2026-01-01 21:37:57 - INFO - Started job c9225bd5-ab77-489e-a571-ea16f3bc1824 for user battu
2026-01-01 21:38:01 - INFO - Job 02c0dce2-0e8b-4a20-9294-37a573d5b68d submitted for user battu
2026-01-01 21:38:01 - INFO - Started job 02c0dce2-0e8b-4a20-9294-37a573d5b68d for user battu
2026-01-01 21:38:01 - INFO - Job 90fc668e-5331-4dfe-ad01-4eb211c9b4bf submitted for user battu
2026-01-01 21:38:02 - INFO - Job 10e0df04-dc46-430a-84b6-feb580907f09 submitted for user battu
2026-01-01 21:38:02 - INFO - Completed job c9225bd5-ab77-489e-a571-ea16f3bc1824 for user battu
2026-01-01 21:38:02 - INFO - Started job 90fc668e-5331-4dfe-ad01-4eb211c9b4bf for user battu
2026-01-01 21:38:03 - INFO - Job 3b6b5fb6-94a2-47ed-9c62-e0fe237b869f submitted for user battu
2026-01-01 21:38:03 - INFO - Job aeee71e2-1871-4c2e-b20f-f60b0b39d3fc submitted for user battu
2026-01-01 21:38:04 - INFO - Job 76742884-3d34-4575-8895-109d2860bfdf submitted for user battu
2026-01-01 21:38:04 - INFO - Job 84cef7fb-0b51-490b-a45f-1a0a64308573 submitted for user battu
2026-01-01 21:38:04 - INFO - Job 3056547a-9a0f-4ce4-af80-343c88976937 submitted for user battu
2026-01-01 21:38:04 - INFO - Job ca1cdce0-f4bc-4634-87f4-238d54c2ebf3 submitted for user battu
2026-01-01 21:38:04 - INFO - Job ea2f5c8a-44f0-478b-ad23-4b8148d65a6e submitted for user battu
2026-01-01 21:38:04 - INFO - Job 65c1ba51-e74d-4a67-887e-8b816da20069 submitted for user battu
2026-01-01 21:38:05 - INFO - Job cd42d2a9-f3eb-451f-a918-438e470a8b49 submitted for user battu
2026-01-01 21:38:05 - INFO - Job f8495b5d-061e-4446-a70e-c306fa6c8450 submitted for user battu
2026-01-01 21:38:05 - INFO - Job 8d585abf-c291-4f64-9f20-80fafdc9ed6d submitted for user battu
2026-01-01 21:38:05 - INFO - Job 40dd7ebb-7808-49c4-ab0e-6d3db291a761 submitted for user battu
2026-01-01 21:38:05 - INFO - Job 73675073-4d30-4a67-a536-d75a213efb07 submitted for user battu
2026-01-01 21:38:06 - INFO - Job 19022ca8-eac3-49e1-a195-658cb01d1cc0 submitted for user battu
2026-01-01 21:38:06 - INFO - Completed job 02c0dce2-0e8b-4a20-9294-37a573d5b68d for user battu
2026-01-01 21:38:06 - INFO - Started job 10e0df04-dc46-430a-84b6-feb580907f09 for user battu
2026-01-01 21:38:06 - INFO - Job 5f4b3800-10d2-4702-ada3-4c55098f6b9a submitted for user battu
2026-01-01 21:38:06 - INFO - Job ece3bc77-9324-49ff-8dfa-e1c9dd83a042 submitted for user battu
2026-01-01 21:38:07 - INFO - Completed job 90fc668e-5331-4dfe-ad01-4eb211c9b4bf for user battu
2026-01-01 21:38:07 - INFO - Started job 3b6b5fb6-94a2-47ed-9c62-e0fe237b869f for user battu
2026-01-01 21:38:11 - INFO - Completed job 10e0df04-dc46-430a-84b6-feb580907f09 for user battu
2026-01-01 21:38:11 - INFO - Started job aeee71e2-1871-4c2e-b20f-f60b0b39d3fc for user battu
2026-01-01 21:38:13 - INFO - Completed job 3b6b5fb6-94a2-47ed-9c62-e0fe237b869f for user battu
2026-01-01 21:38:13 - INFO - Started job 76742884-3d34-4575-8895-109d2860bfdf for user battu
2026-01-01 21:38:16 - INFO - Completed job aeee71e2-1871-4c2e-b20f-f60b0b39d3fc for user battu
2026-01-01 21:38:16 - INFO - Started job 84cef7fb-0b51-490b-a45f-1a0a64308573 for user battu
2026-01-01 21:38:18 - INFO - Completed job 76742884-3d34-4575-8895-109d2860bfdf for user battu
2026-01-01 21:38:18 - INFO - Started job 3056547a-9a0f-4ce4-af80-343c88976937 for user battu
2026-01-01 21:38:21 - INFO - Completed job 84cef7fb-0b51-490b-a45f-1a0a64308573 for user battu
2026-01-01 21:38:21 - INFO - Started job ca1cdce0-f4bc-4634-87f4-238d54c2ebf3 for user battu
2026-01-01 21:38:23 - INFO - Completed job 3056547a-9a0f-4ce4-af80-343c88976937 for user battu
2026-01-01 21:38:23 - INFO - Started job ea2f5c8a-44f0-478b-ad23-4b8148d65a6e for user battu
2026-01-01 21:38:26 - INFO - Completed job ca1cdce0-f4bc-4634-87f4-238d54c2ebf3 for user battu
2026-01-01 21:38:26 - INFO - Started job 65c1ba51-e74d-4a67-887e-8b816da20069 for user battu
2026-01-01 21:38:28 - INFO - Completed job ea2f5c8a-44f0-478b-ad23-4b8148d65a6e for user battu
2026-01-01 21:38:28 - INFO - Started job cd42d2a9-f3eb-451f-a918-438e470a8b49 for user battu
2026-01-01 21:38:31 - INFO - Completed job 65c1ba51-e74d-4a67-887e-8b816da20069 for user battu
2026-01-01 21:38:31 - INFO - Started job f8495b5d-061e-4446-a70e-c306fa6c8450 for user battu
2026-01-01 21:38:33 - INFO - Completed job cd42d2a9-f3eb-451f-a918-438e470a8b49 for user battu
2026-01-01 21:38:33 - INFO - Started job 8d585abf-c291-4f64-9f20-80fafdc9ed6d for user battu
2026-01-01 21:38:36 - INFO - Completed job f8495b5d-061e-4446-a70e-c306fa6c8450 for user battu
2026-01-01 21:38:36 - INFO - Started job 40dd7ebb-7808-49c4-ab0e-6d3db291a761 for user battu
2026-01-01 21:38:38 - INFO - Completed job 8d585abf-c291-4f64-9f20-80fafdc9ed6d for user battu
2026-01-01 21:38:38 - INFO - Started job 73675073-4d30-4a67-a536-d75a213efb07 for user battu
2026-01-01 21:38:41 - INFO - Completed job 40dd7ebb-7808-49c4-ab0e-6d3db291a761 for user battu
2026-01-01 21:38:41 - INFO - Started job 19022ca8-eac3-49e1-a195-658cb01d1cc0 for user battu
2026-01-01 21:38:43 - INFO - Completed job 73675073-4d30-4a67-a536-d75a213efb07 for user battu
2026-01-01 21:38:43 - INFO - Started job 5f4b3800-10d2-4702-ada3-4c55098f6b9a for user battu
2026-01-01 21:38:46 - INFO - Completed job 19022ca8-eac3-49e1-a195-658cb01d1cc0 for user battu
2026-01-01 21:38:46 - INFO - Started job ece3bc77-9324-49ff-8dfa-e1c9dd83a042 for user battu
2026-01-01 21:38:48 - INFO - Completed job 5f4b3800-10d2-4702-ada3-4c55098f6b9a for user battu
2026-01-01 21:38:51 - INFO - Completed job ece3bc77-9324-49ff-8dfa-e1c9dd83a042 for user battu
2026-01-01 21:39:48 - INFO - Job b1f9c026-517c-406c-847e-a9b4516be600 submitted for user milli
2026-01-01 21:39:48 - INFO - Started job b1f9c026-517c-406c-847e-a9b4516be600 for user milli
2026-01-01 21:39:49 - INFO - Job 4ec91e51-3e11-4148-a334-669bee3d9e3b submitted for user milli
2026-01-01 21:39:49 - INFO - Started job 4ec91e51-3e11-4148-a334-669bee3d9e3b for user milli
2026-01-01 21:39:49 - INFO - Job 35e7e6af-eef9-4f0f-bfba-56c38f3efb22 submitted for user milli
2026-01-01 21:39:50 - INFO - Job 209fd976-d312-4000-9f17-35945ee28776 submitted for user milli
2026-01-01 21:39:53 - INFO - Completed job b1f9c026-517c-406c-847e-a9b4516be600 for user milli
2026-01-01 21:39:53 - INFO - Started job 35e7e6af-eef9-4f0f-bfba-56c38f3efb22 for user milli
2026-01-01 21:39:54 - INFO - Completed job 4ec91e51-3e11-4148-a334-669bee3d9e3b for user milli
2026-01-01 21:39:54 - INFO - Started job 209fd976-d312-4000-9f17-35945ee28776 for user milli
2026-01-01 21:39:58 - INFO - Completed job 35e7e6af-eef9-4f0f-bfba-56c38f3efb22 for user milli
2026-01-01 21:39:59 - INFO - Completed job 209fd976-d312-4000-9f17-35945ee28776 for user milli
